07/09/2019 02:07:57 AM [INFO]: Built request URL for getplayeridbyname: http://api.paladins.com/paladinsapi.svc/getplayeridbynamejson/3155/f3b89f54ed193b79defe7abb728052b1/9A0C6DA0286543A8A47BA8A0F7E361B1/20190907060757/GoddessIlias
07/09/2019 02:07:57 AM [INFO]: Built request URL for getfriends: http://api.paladins.com/paladinsapi.svc/getfriendsjson/3155/512ec4eb049fb9f3751e591e674fa089/9A0C6DA0286543A8A47BA8A0F7E361B1/20190907060757/10262706
07/09/2019 02:08:36 AM [INFO]: Built request URL for getplayeridbyname: http://api.paladins.com/paladinsapi.svc/getplayeridbynamejson/3155/548a3ba53c0276939aa6eb500e7ac0cb/5709369D015B4421BBE601C995C3200D/20190907060836/GoddessIlias
07/09/2019 02:08:36 AM [INFO]: Built request URL for getfriends: http://api.paladins.com/paladinsapi.svc/getfriendsjson/3155/e827604ed9f439004aef87f9f2ed1c39/5709369D015B4421BBE601C995C3200D/20190907060836/10262706
07/09/2019 02:08:56 AM [INFO]: Built request URL for getplayeridbyname: http://api.paladins.com/paladinsapi.svc/getplayeridbynamejson/3155/0facc98880a25fcc385cdc662565dec5/3775A6D01AB14AE3B6A1CC094E929D7F/20190907060856/mistahee
07/09/2019 02:08:56 AM [INFO]: Built request URL for getfriends: http://api.paladins.com/paladinsapi.svc/getfriendsjson/3155/dac9781e9e1f5e25a7e958efec469d1d/3775A6D01AB14AE3B6A1CC094E929D7F/20190907060856/14919821
07/09/2019 05:09:48 PM [INFO]: Built request URL for getplayeridbyname: http://api.paladins.com/paladinsapi.svc/getplayeridbynamejson/3155/00629bd34be1fa5fcaf0101597facb9d/42DEDAC4247F47528E5A8C701F126371/20190907210948/mistahee
07/09/2019 05:09:48 PM [INFO]: Built request URL for getplayer: http://api.paladins.com/paladinsapi.svc/getplayerjson/3155/1851b0caa02e57b14f7b77735a7ee6e5/42DEDAC4247F47528E5A8C701F126371/20190907210948/AniMei
07/09/2019 05:19:42 PM [INFO]: Built request URL for getplayeridbyname: http://api.paladins.com/paladinsapi.svc/getplayeridbynamejson/3155/6842ef0b65fca94f12e6afcf6434315b/229EA7194DC34477B85641C370298CFD/20190907211942/mistahee
07/09/2019 05:19:42 PM [INFO]: Built request URL for getplayer: http://api.paladins.com/paladinsapi.svc/getplayerjson/3155/df9616af737865048d6adc1c15ce5f66/229EA7194DC34477B85641C370298CFD/20190907211942/Dwigotthis
07/09/2019 05:22:13 PM [INFO]: Built request URL for getplayeridbyname: http://api.paladins.com/paladinsapi.svc/getplayeridbynamejson/3155/78a7c1d9023fb4f30600ed3452d041f8/48E0F0264975417BAEC952A5046E0D39/20190907212213/mistahee
07/09/2019 05:22:13 PM [INFO]: Built request URL for getplayer: http://api.paladins.com/paladinsapi.svc/getplayerjson/3155/e4a7eda4ed43cc21ffca49001829fdc2/48E0F0264975417BAEC952A5046E0D39/20190907212213/Dwigotthis
07/09/2019 05:34:13 PM [INFO]: Built request URL for getplayeridbyname: http://api.paladins.com/paladinsapi.svc/getplayeridbynamejson/3155/8dc5a585bfea9c11b368ed80719bbbeb/B0A1A68488844E0F9C39D88161FBCBA6/20190907213413/mistahee
07/09/2019 05:34:13 PM [INFO]: Built request URL for getplayer: http://api.paladins.com/paladinsapi.svc/getplayerjson/3155/e1c72f8700f5226513c28c8192c4fc11/B0A1A68488844E0F9C39D88161FBCBA6/20190907213413/GenAdmission
07/09/2019 06:12:25 PM [INFO]: Built request URL for getplayeridbyname: http://api.paladins.com/paladinsapi.svc/getplayeridbynamejson/3155/614c99787785c9becf8b512f4d4bbbe9/6A19AA9D6E3E4A48A7CB9170AC008D14/20190907221225/mistahee
07/09/2019 06:12:25 PM [INFO]: Built request URL for getplayer: http://api.paladins.com/paladinsapi.svc/getplayerjson/3155/3afdd36ac178546c23e106af30eb90a7/6A19AA9D6E3E4A48A7CB9170AC008D14/20190907221225/TheGreatGrundy
09/09/2019 01:26:40 AM [INFO]: Built request URL for getplayeridbyname: http://api.paladins.com/paladinsapi.svc/getplayeridbynamejson/3155/b27b7a19d51cf191c11c4103073cbdcf/D5359F87104344048C5F1900A629FDFE/20190909052640/mistahee
09/09/2019 01:26:40 AM [INFO]: Built request URL for getplayer: http://api.paladins.com/paladinsapi.svc/getplayerjson/3155/f02f3db560a36f84dabbe66fcb12458a/D5359F87104344048C5F1900A629FDFE/20190909052640/ZoniEXE
09/09/2019 01:27:06 AM [INFO]: Built request URL for getplayeridbyname: http://api.paladins.com/paladinsapi.svc/getplayeridbynamejson/3155/1d887551e47ec0b1a07f56fce0a0c6f5/8D5059681F2C4BC599A65FFE9A834CD0/20190909052706/mistahee
09/09/2019 01:27:06 AM [INFO]: Built request URL for getplayer: http://api.paladins.com/paladinsapi.svc/getplayerjson/3155/8bfc6ea54af10af04e1552d3a91787a0/8D5059681F2C4BC599A65FFE9A834CD0/20190909052706/TheGreatGrundy
09/09/2019 01:27:33 AM [INFO]: Built request URL for getplayer: http://api.paladins.com/paladinsapi.svc/getplayerjson/3155/9c6dd629ab7bf13b250978cdc6bda09b/B68B563BB02844A8AD845251D57CC1C0/20190909052733/TacoAndSpace
09/09/2019 01:29:42 AM [INFO]: Built request URL for getplayer: http://api.paladins.com/paladinsapi.svc/getplayerjson/3155/4e6660e481a5ab629d9be93210d9fb7f/06925A6288204091AF7540F670326F88/20190909052942/TacoAndSpace
09/09/2019 01:29:57 AM [INFO]: Built request URL for getplayer: http://api.paladins.com/paladinsapi.svc/getplayerjson/3155/acdc59afad98a19add60c451a82ab3a9/3F6F325382C245DDA74ADE074D279B09/20190909052957/TacoAndSpace
09/09/2019 01:30:08 AM [INFO]: Built request URL for getplayer: http://api.paladins.com/paladinsapi.svc/getplayerjson/3155/6d0400a1f7c4f0bfb8682e0f756d9e71/5FB847A1BE764C6C9157248B019A3398/20190909053008/TacoAndSpace
09/09/2019 01:45:54 AM [INFO]: Built request URL for getplayer: http://api.paladins.com/paladinsapi.svc/getplayerjson/3155/01d4adc9bb20d0d4205a6be755548ccb/FC828458A3604C23A9D608797BC3448D/20190909054554/TacoAndSpace
09/09/2019 01:46:16 AM [INFO]: Built request URL for getplayer: http://api.paladins.com/paladinsapi.svc/getplayerjson/3155/ae80f1c0fe4357962ce88c16be1f149f/332D3E5D8E80496883D64AF4B3F3CCB4/20190909054616/TacoAndSpace
09/09/2019 01:46:31 AM [INFO]: Built request URL for getplayer: http://api.paladins.com/paladinsapi.svc/getplayerjson/3155/4110714e2390461b34846e34bde4dc1b/B12569B974924A12A3E11346B9C66D8F/20190909054631/TacoAndSpace
09/09/2019 02:21:21 AM [INFO]: Built request URL for getplayeridbyname: http://api.paladins.com/paladinsapi.svc/getplayeridbynamejson/3155/8651c6ed5f2c9982d4d2f78dbd32ea87/49192B44BF5F425B982F8EFFB6B27FA4/20190909062121/mistahee
09/09/2019 02:21:21 AM [INFO]: Built request URL for getfriendsbyplayerid: http://api.paladins.com/paladinsapi.svc/getfriendsbyplayeridjson/3155/9827b09130458b59da2da503b7fae924/49192B44BF5F425B982F8EFFB6B27FA4/20190909062121/14919821
09/09/2019 02:22:23 AM [INFO]: Built request URL for getplayeridbyname: http://api.paladins.com/paladinsapi.svc/getplayeridbynamejson/3155/4bd6a053dddd5cac8c842c62bd59193f/8F385752BF4B44DE99C4B2A028987CDB/20190909062223/mistahee
09/09/2019 02:22:23 AM [INFO]: Built request URL for getfriends: http://api.paladins.com/paladinsapi.svc/getfriendsjson/3155/60bdbb06fe0df132aea36fc9f7f342a6/8F385752BF4B44DE99C4B2A028987CDB/20190909062223/14919821
09/09/2019 02:22:40 AM [INFO]: Built request URL for getplayeridbyname: http://api.paladins.com/paladinsapi.svc/getplayeridbynamejson/3155/dfe17b6ef62ffbb7f84be67271cd4b58/4A98D6DF4B9F4958A107BF74108824C3/20190909062240/ZoniEXE
09/09/2019 02:22:40 AM [INFO]: Built request URL for getfriends: http://api.paladins.com/paladinsapi.svc/getfriendsjson/3155/041bb8a3f26e16bb235031e9fd7039a9/4A98D6DF4B9F4958A107BF74108824C3/20190909062240/711509813
09/09/2019 02:22:50 AM [INFO]: Built request URL for getplayeridbyname: http://api.paladins.com/paladinsapi.svc/getplayeridbynamejson/3155/ee66f38dad5b0cb0936a58f95d4c5447/30A8AEB174C34643B3A682FC8ECAC4E4/20190909062250/ZoniEXE
09/09/2019 02:23:00 AM [INFO]: Built request URL for getplayeridbyname: http://api.paladins.com/paladinsapi.svc/getplayeridbynamejson/3155/6d19c73d37e353f1694e4f0d5d888911/1BA6F5402C944C529B099A188F60292D/20190909062300/ZoniEXE
09/09/2019 02:23:00 AM [INFO]: Built request URL for getfriends: http://api.paladins.com/paladinsapi.svc/getfriendsjson/3155/8acfbf74fdf85f27d077bc098620b62f/1BA6F5402C944C529B099A188F60292D/20190909062300/7/1/1/5/0/9/8/1/3
09/09/2019 02:24:13 AM [INFO]: Built request URL for getplayeridbyname: http://api.paladins.com/paladinsapi.svc/getplayeridbynamejson/3155/dc720427e50c1bc0e1cd56649f17a920/DB24144F19D14CD28D05BFE6CBE625DA/20190909062413/ZoniEXE
09/09/2019 02:24:13 AM [INFO]: Built request URL for getfriends: http://api.paladins.com/paladinsapi.svc/getfriendsjson/3155/3982e760ef41be2274d0c41addbaef60/DB24144F19D14CD28D05BFE6CBE625DA/20190909062413/711509813
09/09/2019 02:25:09 AM [INFO]: Built request URL for getplayeridbyname: http://api.paladins.com/paladinsapi.svc/getplayeridbynamejson/3155/a52a91d9ff6dd2fe35ecd95c463fc37b/2D5A884800C0450E8F9844899191F9C8/20190909062509/ZoniEXE
09/09/2019 02:25:09 AM [INFO]: Built request URL for getfriends: http://api.paladins.com/paladinsapi.svc/getfriendsjson/3155/a5fc664af5d779ec5a8c3b81b1ea1334/2D5A884800C0450E8F9844899191F9C8/20190909062509/711509813
09/09/2019 03:04:40 AM [INFO]: Built request URL for getplayeridbyname: http://api.paladins.com/paladinsapi.svc/getplayeridbynamejson/3155/7350cceca460c93df3fb64d4c88aae9a/44E4CE3985B74B7B861196CFC2AE2FD1/20190909070440/Qrowki
09/09/2019 03:04:40 AM [INFO]: Built request URL for getfriends: http://api.paladins.com/paladinsapi.svc/getfriendsjson/3155/2bf4b8073cdc055aba88d1611cef63f7/44E4CE3985B74B7B861196CFC2AE2FD1/20190909070440/713558401
09/09/2019 03:04:59 AM [INFO]: Built request URL for getplayeridbyname: http://api.paladins.com/paladinsapi.svc/getplayeridbynamejson/3155/8f1eb428d68ad81ba6550a0836946826/7D5F6DBBCFFE4434897A3AAC9B51A2C7/20190909070459/Qrowki
09/09/2019 03:04:59 AM [INFO]: Built request URL for getfriends: http://api.paladins.com/paladinsapi.svc/getfriendsjson/3155/a8f87851c431b75055b18a53f6350a60/7D5F6DBBCFFE4434897A3AAC9B51A2C7/20190909070459/713558401
09/09/2019 03:05:36 AM [INFO]: Built request URL for getplayeridbyname: http://api.paladins.com/paladinsapi.svc/getplayeridbynamejson/3155/b8e4a712658b8699492e044c6faad58b/AC7787291C89499EA53D1F02304361ED/20190909070536/ZoniEXE
09/09/2019 03:05:36 AM [INFO]: Built request URL for getfriends: http://api.paladins.com/paladinsapi.svc/getfriendsjson/3155/f01bac015f16e8f80549a84cd1057696/AC7787291C89499EA53D1F02304361ED/20190909070536/711509813
09/09/2019 03:06:15 AM [INFO]: Built request URL for getplayeridbyname: http://api.paladins.com/paladinsapi.svc/getplayeridbynamejson/3155/9e05fa7a253be8361889558e2dbc8b68/9532734A078A40DFB8824940B16D7CDE/20190909070615/ZoniEXE
09/09/2019 03:06:15 AM [INFO]: Built request URL for getfriends: http://api.paladins.com/paladinsapi.svc/getfriendsjson/3155/d0a4ff5ff86ed67b9b6cec9d9783bdba/9532734A078A40DFB8824940B16D7CDE/20190909070615/711509813
09/09/2019 03:06:18 AM [INFO]: Built request URL for getplayeridbyname: http://api.paladins.com/paladinsapi.svc/getplayeridbynamejson/3155/0e2e779b7a2a9d8e07b14bd99b67f7ea/088D9ABFDFDB4F4887683D169DA01ADD/20190909070618/ZoniEXE
09/09/2019 03:06:18 AM [INFO]: Built request URL for getfriends: http://api.paladins.com/paladinsapi.svc/getfriendsjson/3155/4fe0c13a9df558a216f56b41bee96dbd/088D9ABFDFDB4F4887683D169DA01ADD/20190909070618/711509813
09/09/2019 03:06:23 AM [INFO]: Built request URL for getplayeridbyname: http://api.paladins.com/paladinsapi.svc/getplayeridbynamejson/3155/f76def5c97f9c694c8f9a7de5c15a6a0/10590233840C4DF0AA276AEC1D7254E6/20190909070623/ZoniEXE
09/09/2019 03:06:23 AM [INFO]: Built request URL for getfriends: http://api.paladins.com/paladinsapi.svc/getfriendsjson/3155/3704a406476ac6209b0dd98db7fb6602/10590233840C4DF0AA276AEC1D7254E6/20190909070623/711509813
10/09/2019 11:19:29 AM [INFO]: Built request URL for getplayeridbyname: http://api.paladins.com/paladinsapi.svc/getplayeridbynamejson/3155/7523e80cfa154708569fefe5633f1bda/E27BB418C05342FD92DEB0C097B6865A/20190910151929/DwIGotThis
10/09/2019 11:19:29 AM [INFO]: Built request URL for getplayer: http://api.paladins.com/paladinsapi.svc/getplayerjson/3155/f838757d882821da0b711cf4fe05c8bf/E27BB418C05342FD92DEB0C097B6865A/20190910151929/16366505
18/01/2020 03:17:47 AM [INFO]: Built request URL for getchampions: http://api.paladins.com/paladinsapi.svc/getchampionsjson/3155/74473f9393b7471e785b2f61ee7c3d84/6A727A8092D943B5986BC0B4B37D9B4A/20200118081747
18/01/2020 03:17:54 AM [INFO]: Built request URL for getchampions: http://api.paladins.com/paladinsapi.svc/getchampionsjson/3155/fba8eaf77cec88a9bd1bb80ff68c816a/6A727A8092D943B5986BC0B4B37D9B4A/20200118081754
18/01/2020 03:18:41 AM [INFO]: Built request URL for getchampions: http://api.paladins.com/paladinsapi.svc/getchampionsjson/3155/6d3814d85281f26c5d37dc5c82c2591b/6A727A8092D943B5986BC0B4B37D9B4A/20200118081841
18/01/2020 03:20:45 AM [INFO]: Built request URL for getchampions: http://api.paladins.com/paladinsapi.svc/getchampionsjson/3155/363f9d725b820c2af4d1cae6d57030d2/6A727A8092D943B5986BC0B4B37D9B4A/20200118082045
11/03/2020 08:12:56 PM [INFO]: Built request URL for getdataused: http://api.paladins.com/paladinsapi.svc/getdatausedjson/3155/f84333493f1d153171824a69a6c8847f/4E357A75F297494AB8226B9E8E6190E1/20200312001256
12/03/2020 03:58:54 PM [INFO]: Built request URL for getdataused: http://api.paladins.com/paladinsapi.svc/getdatausedjson/3155/f9a926eb149b0a4f89fa9bf19e1a0824/29B121D8925D4072A2AAA1F2168A9DB9/20200312195854
12/03/2020 03:59:17 PM [INFO]: Built request URL for getdataused: http://api.paladins.com/paladinsapi.svc/getdatausedjson/3155/bffb92731f2f006c1a3265e3b9b526e4/29B121D8925D4072A2AAA1F2168A9DB9/20200312195917
12/03/2020 03:59:30 PM [INFO]: Built request URL for getdataused: http://api.paladins.com/paladinsapi.svc/getdatausedjson/3155/26e17a43f14d14aa8e3c1b82dc22ce2d/29B121D8925D4072A2AAA1F2168A9DB9/20200312195930
12/03/2020 04:00:44 PM [INFO]: Built request URL for getdataused: http://api.paladins.com/paladinsapi.svc/getdatausedjson/3155/bf6f16cd7f819c9d381f8d21689d83ec/29B121D8925D4072A2AAA1F2168A9DB9/20200312200044
12/03/2020 04:01:45 PM [INFO]: Built request URL for getdataused: http://api.paladins.com/paladinsapi.svc/getdatausedjson/3155/4693c3c027c93f1dce97b332e062562b/29B121D8925D4072A2AAA1F2168A9DB9/20200312200145
12/03/2020 04:01:46 PM [INFO]: Built request URL for getdataused: http://api.paladins.com/paladinsapi.svc/getdatausedjson/3155/baae19fe44b774e2c595224dd39da624/29B121D8925D4072A2AAA1F2168A9DB9/20200312200146
12/03/2020 04:01:50 PM [INFO]: Built request URL for getdataused: http://api.paladins.com/paladinsapi.svc/getdatausedjson/3155/175e729261207f30897b9c7aa8e151f0/29B121D8925D4072A2AAA1F2168A9DB9/20200312200150
12/03/2020 04:04:09 PM [INFO]: Built request URL for getdataused: http://api.paladins.com/paladinsapi.svc/getdatausedjson/3155/8474780ab63d365603b2c4301a53989e/29B121D8925D4072A2AAA1F2168A9DB9/20200312200409
12/03/2020 04:10:24 PM [INFO]: Built request URL for getdataused: http://api.paladins.com/paladinsapi.svc/getdatausedjson/3155/e340cdab3366e39cd3025fba556ae9c6/29B121D8925D4072A2AAA1F2168A9DB9/20200312201024
12/03/2020 04:10:42 PM [INFO]: Built request URL for getdataused: http://api.paladins.com/paladinsapi.svc/getdatausedjson/3155/a657b11cbc9f29cf1b20b92737917f35/29B121D8925D4072A2AAA1F2168A9DB9/20200312201042
12/03/2020 04:10:44 PM [INFO]: Built request URL for getdataused: http://api.paladins.com/paladinsapi.svc/getdatausedjson/3155/5f10e35893b0de0ade7900985a104e61/29B121D8925D4072A2AAA1F2168A9DB9/20200312201044
13/03/2020 10:39:20 PM [INFO]: Built request URL for getdataused: http://api.paladins.com/paladinsapi.svc/getdatausedjson/3155/b8a6df8bd80fc8bba55b6b8caa1ed17f/7D72E0C07C744E4798885ECD040CDC20/20200314023920
13/03/2020 10:39:25 PM [INFO]: Built request URL for getdataused: http://api.paladins.com/paladinsapi.svc/getdatausedjson/3155/d7da93c7498f70556ca4448ccd37ae53/7D72E0C07C744E4798885ECD040CDC20/20200314023925
13/03/2020 10:39:27 PM [INFO]: Built request URL for getdataused: http://api.paladins.com/paladinsapi.svc/getdatausedjson/3155/cf4c1ac47c756676e906bac5740419da/7D72E0C07C744E4798885ECD040CDC20/20200314023927
13/03/2020 10:39:28 PM [INFO]: Built request URL for getdataused: http://api.paladins.com/paladinsapi.svc/getdatausedjson/3155/72ea751827dcd35fa46151d16ccbba24/7D72E0C07C744E4798885ECD040CDC20/20200314023928
13/03/2020 10:40:50 PM [INFO]: Built request URL for getdataused: http://api.paladins.com/paladinsapi.svc/getdatausedjson/3155/ff7939e811a5950fc7df49d57dc745c5/7D72E0C07C744E4798885ECD040CDC20/20200314024050
13/03/2020 10:40:52 PM [INFO]: Built request URL for getdataused: http://api.paladins.com/paladinsapi.svc/getdatausedjson/3155/ada2e1e8d4a30918833e7aae659dd0ca/7D72E0C07C744E4798885ECD040CDC20/20200314024052
13/03/2020 10:43:05 PM [INFO]: Built request URL for getdataused: http://api.paladins.com/paladinsapi.svc/getdatausedjson/3155/2dd4d1da31feb2a26c729b94d6965cda/7D72E0C07C744E4798885ECD040CDC20/20200314024305
13/03/2020 10:46:13 PM [INFO]: Built request URL for getdataused: http://api.paladins.com/paladinsapi.svc/getdatausedjson/3155/9c30d8749d9135e51b27d31a8314ba2c/7D72E0C07C744E4798885ECD040CDC20/20200314024613
13/03/2020 10:46:14 PM [INFO]: Built request URL for getdataused: http://api.paladins.com/paladinsapi.svc/getdatausedjson/3155/782018e92402d5283ba904702bd4ce90/7D72E0C07C744E4798885ECD040CDC20/20200314024614
13/03/2020 10:46:18 PM [INFO]: Built request URL for getdataused: http://api.paladins.com/paladinsapi.svc/getdatausedjson/3155/c92c1658b9aa584c77f23ca506dd279b/7D72E0C07C744E4798885ECD040CDC20/20200314024618
13/03/2020 10:49:31 PM [INFO]: Built request URL for getdataused: http://api.paladins.com/paladinsapi.svc/getdatausedjson/3155/3c21e3b00e61f6240a1ca070f375feb7/7D72E0C07C744E4798885ECD040CDC20/20200314024931
27/03/2020 12:04:11 PM [INFO]: Built request URL for getplayeridbyname: http://api.paladins.com/paladinsapi.svc/getplayeridbynamejson/3155/fb09f4fa8844063decf865bd5a5581b8/7A039BE012B344CB8AE2AC166C382E44/20200327160411/t/h/e/g/r/e/a/t/g/r/u/n/d/y
27/03/2020 12:04:24 PM [INFO]: Built request URL for getplayeridbyname: http://api.paladins.com/paladinsapi.svc/getplayeridbynamejson/3155/3d3efba03781f5cce7585e39552e832c/7A039BE012B344CB8AE2AC166C382E44/20200327160424/thegreatgrundy
27/03/2020 12:04:55 PM [INFO]: Built request URL for getmatchhistory: http://api.paladins.com/paladinsapi.svc/getmatchhistoryjson/3155/2542f8a4ed4719f568193b383bb0739f/7A039BE012B344CB8AE2AC166C382E44/20200327160455/13951433
27/03/2020 12:05:12 PM [INFO]: Built request URL for getmatchhistory: http://api.paladins.com/paladinsapi.svc/getmatchhistoryjson/3155/e4e758a15fc1a265d6ef1ba57ea857de/7A039BE012B344CB8AE2AC166C382E44/20200327160512/13951433
27/03/2020 12:07:45 PM [INFO]: Built request URL for getplayeridbyname: http://api.paladins.com/paladinsapi.svc/getplayeridbynamejson/3155/430cf8f64d6d8e884f04abdd9ab3e8d0/7A039BE012B344CB8AE2AC166C382E44/20200327160745/groverdose
27/03/2020 12:07:57 PM [INFO]: Built request URL for getmatchhistory: http://api.paladins.com/paladinsapi.svc/getmatchhistoryjson/3155/2a06db58f816bb333b28729968da3539/7A039BE012B344CB8AE2AC166C382E44/20200327160757/5269444
30/03/2020 09:15:21 PM [INFO]: Built request URL for getplayeridbyname: http://api.paladins.com/paladinsapi.svc/getplayeridbynamejson/3155/13a7712849490f8c701e9d22e6305aa7/EF4C4D792FC34E9DB45CF3F5117EFC43/20200331011521/fjsdhfkjsfjkhs
30/03/2020 09:15:28 PM [INFO]: Built request URL for getplayeridbyname: http://api.paladins.com/paladinsapi.svc/getplayeridbynamejson/3155/d67a15c4125f148fd2642cbfacd62417/EF4C4D792FC34E9DB45CF3F5117EFC43/20200331011528/fjsdhfkjsfjkhs
30/03/2020 09:15:37 PM [INFO]: Built request URL for getplayeridbyname: http://api.paladins.com/paladinsapi.svc/getplayeridbynamejson/3155/134a707a72db7329603103ea05827999/EF4C4D792FC34E9DB45CF3F5117EFC43/20200331011537/thegreatgrundy
30/03/2020 09:33:11 PM [INFO]: Built request URL for getmatchhistory: http://api.paladins.com/paladinsapi.svc/getmatchhistoryjson/3155/eead15508791d8b18b24e02b9bbd426b/EF4C4D792FC34E9DB45CF3F5117EFC43/20200331013311/13951433
30/03/2020 09:34:06 PM [INFO]: Built request URL for getplayeridbyname: http://api.paladins.com/paladinsapi.svc/getplayeridbynamejson/3155/5bd348db7aa894a6f671ae2de615e2e6/EF4C4D792FC34E9DB45CF3F5117EFC43/20200331013406/steverayger
30/03/2020 09:34:19 PM [INFO]: Built request URL for getplayeridbyname: http://api.paladins.com/paladinsapi.svc/getplayeridbynamejson/3155/773f5f56717c0ec2165fe21eb1a72ccd/EF4C4D792FC34E9DB45CF3F5117EFC43/20200331013419/tacoandspace
30/03/2020 09:34:37 PM [INFO]: Built request URL for getplayeridbyname: http://api.paladins.com/paladinsapi.svc/getplayeridbynamejson/3155/38374efe607050736fd4072362ef1282/EF4C4D792FC34E9DB45CF3F5117EFC43/20200331013437/fjsdhfkjsfjkhs
30/03/2020 09:34:48 PM [INFO]: Built request URL for getplayeridbyname: http://api.paladins.com/paladinsapi.svc/getplayeridbynamejson/3155/d3bc43ce43d103be4c900d4aeb86a9e1/00143C6FAEBF4492BC31F6AFFAA285E5/20200331013448/steverayger
30/03/2020 09:35:12 PM [INFO]: Built request URL for getmatchhistory: http://api.paladins.com/paladinsapi.svc/getmatchhistoryjson/3155/1f129bebf7443372ac32238de44dda26/00143C6FAEBF4492BC31F6AFFAA285E5/20200331013512/13980668
30/03/2020 09:37:36 PM [INFO]: Built request URL for getplayeridbyname: http://api.paladins.com/paladinsapi.svc/getplayeridbynamejson/3155/7c63db7f2bf75146be7e17a1b16a773b/00143C6FAEBF4492BC31F6AFFAA285E5/20200331013736/steversdfsdf
